<?xml version="1.0" encoding="UTF-8"?>
<!-- Generated by org.testng.reporters.JUnitXMLReporter -->
<testsuite ignored="11" hostname="LPT-HasnainZaidiBayut" failures="2" tests="2" name="1stTest" time="0.038" errors="0" timestamp="2023-10-10T12:01:29 PKT">
  <testcase classname="homepage" name="keywordSearch" time="0.009">
    <failure type="java.lang.NullPointerException" message="Cannot invoke &amp;quot;org.openqa.selenium.WebDriver.get(String)&amp;quot; because &amp;quot;this.driver&amp;quot; is null">
      <![CDATA[java.lang.NullPointerException: Cannot invoke "org.openqa.selenium.WebDriver.get(String)" because "this.driver" is null
at homepage.keywordSearch(homepage.java:42)
at java.base/java.util.ArrayList.forEach(ArrayList.java:1511)
... Removed 25 stack frames]]>
    </failure>
  </testcase> <!-- keywordSearch -->
  <testcase classname="homepage" name="searchFilter" time="0.001">
    <failure type="java.lang.NullPointerException" message="Cannot invoke &amp;quot;org.openqa.selenium.WebDriver.get(String)&amp;quot; because &amp;quot;this.driver&amp;quot; is null">
      <![CDATA[java.lang.NullPointerException: Cannot invoke "org.openqa.selenium.WebDriver.get(String)" because "this.driver" is null
at homepage.searchFilter(homepage.java:87)
at java.base/java.util.ArrayList.forEach(ArrayList.java:1511)
... Removed 25 stack frames]]>
    </failure>
  </testcase> <!-- searchFilter -->
  <testcase classname="homepage" name="verifyAllIn" time="0.0">
    <ignored/>
  </testcase> <!-- verifyAllIn -->
  <testcase classname="homepage" name="viewMore" time="0.0">
    <ignored/>
  </testcase> <!-- viewMore -->
  <testcase classname="homepage" name="aboutDG" time="0.0">
    <ignored/>
  </testcase> <!-- aboutDG -->
  <testcase classname="homepage" name="allCat" time="0.0">
    <ignored/>
  </testcase> <!-- allCat -->
  <testcase classname="LoginCase" name="passedLoginEmail" time="0.0">
    <ignored/>
  </testcase> <!-- passedLoginEmail -->
  <testcase classname="homepage" name="footerLinks" time="0.0">
    <ignored/>
  </testcase> <!-- footerLinks -->
  <testcase classname="homepage" name="catClick" time="0.0">
    <ignored/>
  </testcase> <!-- catClick -->
  <testcase classname="LoginCase" name="test" time="0.0">
    <ignored/>
  </testcase> <!-- test -->
  <testcase classname="LoginCase" name="failedLoginEmail" time="0.0">
    <ignored/>
  </testcase> <!-- failedLoginEmail -->
  <testcase classname="LoginCase" name="sellButtonLogin" time="0.0">
    <ignored/>
  </testcase> <!-- sellButtonLogin -->
  <testcase classname="homepage" name="contactUs" time="0.0">
    <ignored/>
  </testcase> <!-- contactUs -->
</testsuite> <!-- 1stTest -->
