<?xml version="1.0" encoding="UTF-8"?>
<!-- Generated by org.testng.reporters.JUnitXMLReporter -->
<testsuite ignored="8" hostname="LPT-HasnainZaidiBayut" failures="0" tests="1" name="Test" time="21.376" errors="0" timestamp="2023-10-10T16:24:56 PKT">
  <testcase classname="homepage" name="footerLinks" time="20.701"/>
  <testcase classname="homepage" name="verifyAllIn" time="0.0">
    <ignored/>
  </testcase> <!-- verifyAllIn -->
  <testcase classname="homepage" name="viewMore" time="0.0">
    <ignored/>
  </testcase> <!-- viewMore -->
  <testcase classname="homepage" name="searchFilter" time="0.0">
    <ignored/>
  </testcase> <!-- searchFilter -->
  <testcase classname="homepage" name="aboutDG" time="0.0">
    <ignored/>
  </testcase> <!-- aboutDG -->
  <testcase classname="homepage" name="keywordSearch" time="0.0">
    <ignored/>
  </testcase> <!-- keywordSearch -->
  <testcase classname="homepage" name="allCat" time="0.0">
    <ignored/>
  </testcase> <!-- allCat -->
  <testcase classname="homepage" name="catClick" time="0.0">
    <ignored/>
  </testcase> <!-- catClick -->
  <testcase classname="homepage" name="contactUs" time="0.0">
    <ignored/>
  </testcase> <!-- contactUs -->
</testsuite> <!-- Test -->
