<?xml version="1.0" encoding="UTF-8"?>
<testng-results ignored="8" total="9" passed="1" failed="0" skipped="0">
  <reporter-output>
  </reporter-output>
  <suite started-at="2023-10-09T15:31:20 PKT" name="Default suite" finished-at="2023-10-09T15:31:30 PKT" duration-ms="9990">
    <groups>
    </groups>
    <test started-at="2023-10-09T15:31:20 PKT" name="Default test" finished-at="2023-10-09T15:31:30 PKT" duration-ms="9990">
      <class name="homepage">
        <test-method is-config="true" signature="intialization()[pri:0, instance:homepage@35ef1869]" started-at="2023-10-09T15:31:20 PKT" name="intialization" finished-at="2023-10-09T15:31:22 PKT" duration-ms="1585" status="PASS">
          <reporter-output>
          </reporter-output>
        </test-method> <!-- intialization -->
        <test-method signature="contactUs()[pri:0, instance:homepage@35ef1869]" started-at="2023-10-09T15:31:22 PKT" name="contactUs" finished-at="2023-10-09T15:31:30 PKT" duration-ms="8384" status="PASS">
          <reporter-output>
          </reporter-output>
        </test-method> <!-- contactUs -->
      </class> <!-- homepage -->
    </test> <!-- Default test -->
  </suite> <!-- Default suite -->
</testng-results>
