<?xml version="1.0" encoding="UTF-8"?>
<testng-results ignored="0" total="1" passed="1" failed="0" skipped="0">
  <reporter-output>
  </reporter-output>
  <suite started-at="2023-09-25T12:17:02 PKT" name="Default suite" finished-at="2023-09-25T12:17:11 PKT" duration-ms="8501">
    <groups>
    </groups>
    <test started-at="2023-09-25T12:17:02 PKT" name="Default test" finished-at="2023-09-25T12:17:11 PKT" duration-ms="8501">
      <class name="homepage">
        <test-method is-config="true" signature="intialization()[pri:0, instance:homepage@481a996b]" started-at="2023-09-25T12:17:02 PKT" name="intialization" finished-at="2023-09-25T12:17:04 PKT" duration-ms="1477" status="PASS">
          <reporter-output>
          </reporter-output>
        </test-method> <!-- intialization -->
        <test-method signature="keywordSearch()[pri:0, instance:homepage@481a996b]" started-at="2023-09-25T12:17:04 PKT" name="keywordSearch" finished-at="2023-09-25T12:17:11 PKT" duration-ms="7002" status="PASS">
          <reporter-output>
          </reporter-output>
        </test-method> <!-- keywordSearch -->
      </class> <!-- homepage -->
    </test> <!-- Default test -->
  </suite> <!-- Default suite -->
</testng-results>
